mode: set
github.com/satya-kr/bookings/cmd/web/main.go:21.13,23.16 2 0
github.com/satya-kr/bookings/cmd/web/main.go:23.16,25.3 1 0
github.com/satya-kr/bookings/cmd/web/main.go:26.2,32.16 3 0
github.com/satya-kr/bookings/cmd/web/main.go:32.16,33.13 1 0
github.com/satya-kr/bookings/cmd/web/main.go:37.18,52.16 10 1
github.com/satya-kr/bookings/cmd/web/main.go:52.16,55.3 2 0
github.com/satya-kr/bookings/cmd/web/main.go:56.2,74.12 6 1
github.com/satya-kr/bookings/cmd/web/middleware.go:18.45,29.2 3 1
github.com/satya-kr/bookings/cmd/web/middleware.go:32.50,34.2 1 1
github.com/satya-kr/bookings/cmd/web/routes.go:12.49,39.2 19 1
